e:\winapi\sssgame\00_ssslibrary\../../output/release/x86/ssslibrary/vcpkg.applocal.log
e:\winapi\output\release\x86\ssslibrary\00_ssslibrary.pdb
e:\winapi\output\release\x86\ssslibrary\ssswindow.obj
e:\winapi\output\release\x86\ssslibrary\ssstimer.obj
e:\winapi\output\release\x86\ssslibrary\sssspritemaneger.obj
e:\winapi\output\release\x86\ssslibrary\ssssprite.obj
e:\winapi\output\release\x86\ssslibrary\ssssound.obj
e:\winapi\output\release\x86\ssslibrary\sssobject.obj
e:\winapi\output\release\x86\ssslibrary\sssinput.obj
e:\winapi\output\release\x86\ssslibrary\sssimegemaneger.obj
e:\winapi\output\release\x86\ssslibrary\sssimege.obj
e:\winapi\output\release\x86\ssslibrary\ssscore.obj
e:\winapi\output\release\x86\ssslibrary\ssscollisionmaneger.obj
e:\winapi\output\release\x86\ssslibrary\ssscollider.obj
e:\winapi\output\release\x86\ssslibrary\sssbitmapmaneger.obj
e:\winapi\output\release\x86\ssslibrary\sssbitmap.obj
e:\winapi\output\release\x86\00_ssslibrary.lib
e:\winapi\sssgame\00_ssslibrary\../../output/release/x86/00_ssslibrary.lib
e:\winapi\output\release\x86\ssslibrary\00_ssslibrary.tlog\00_ssslibrary.write.1u.tlog
e:\winapi\output\release\x86\ssslibrary\00_ssslibrary.tlog\cl.command.1.tlog
e:\winapi\output\release\x86\ssslibrary\00_ssslibrary.tlog\cl.read.1.tlog
e:\winapi\output\release\x86\ssslibrary\00_ssslibrary.tlog\cl.write.1.tlog
e:\winapi\output\release\x86\ssslibrary\00_ssslibrary.tlog\lib-link.read.1.tlog
e:\winapi\output\release\x86\ssslibrary\00_ssslibrary.tlog\lib-link.write.1.tlog
e:\winapi\output\release\x86\ssslibrary\00_ssslibrary.tlog\lib.command.1.tlog
