  SssCollisionManeger.cpp
  SssCore.cpp
  SssObject.cpp
  SssSound.cpp
e:\winapi\sssgame\00_ssslibrary\ssssound.cpp(67): warning C4244: 'return': 'float'에서 'int'(으)로 변환하면서 데이터가 손실될 수 있습니다.
  SssWindow.cpp
  코드를 생성하고 있습니다...
SssObject.obj : warning LNK4221: 이 개체 파일은 이전에 정의되지 않은 공용 기호를 정의하지 않으므로 이 라이브러리를 사용하는 어떠한 링크 작업에도 사용되지 않습니다.
  00_SssLibrary.vcxproj -> E:\WinAPI\SssGame\00_SssLibrary\../../output/Debug/x86/00_SssLibrary.lib
  .\\SssBitMap.h
  .\\SssBitMapManeger.h
  .\\SssCollider.h
  .\\SssCollisionManeger.h
  .\\SssCore.h
  .\\SssImege.h
  .\\SssImegeManeger.h
  .\\SssInput.h
  .\\Ssslibheader.h
  .\\SssObject.h
  .\\SssSound.h
  .\\SssSprite.h
  .\\SssSpriteManeger.h
  .\\SssStd.h
  .\\SssTimer.h
  .\\SssWindow.h
         16개 파일이 복사되었습니다.
          1개 파일이 복사되었습니다.
